INFO:sim:172 - Generating IP...
Resolving generics for 'MYPLL'...
Applying external generics to 'MYPLL'...
Delivering associated files for 'MYPLL'...
WARNING:sim - Component clk_wiz_v3_6 does not have a valid model name for
   Verilog synthesis
Delivering EJava files for 'MYPLL'...
Delivered 3 files into directory D:/Project/fifo/ipcore_dir/tmp/_cg/MYPLL
Delivered 1 file into directory D:/Project/fifo/ipcore_dir/tmp/_cg/MYPLL
Generating ASY schematic symbol...
Loading device for application Rf_Device from file '6slx9.nph' in environment
C:\Xilinx\14.7\ISE_DS\ISE\.
INFO:sim:949 - Finished generation of ASY schematic symbol.
Generating SYM schematic symbol for 'MYPLL'...
Generating ISE project...
XCO file found: MYPLL.xco
XMDF file found: MYPLL_xmdf.tcl
Adding D:/Project/fifo/ipcore_dir/tmp/_cg/MYPLL.asy -view all -origin_type
imported
Adding D:/Project/fifo/ipcore_dir/tmp/_cg/MYPLL.ucf -view all -origin_type
created
Adding D:/Project/fifo/ipcore_dir/tmp/_cg/MYPLL.v -view all -origin_type created
INFO:HDLCompiler:1845 - Analyzing Verilog file
   "D:/Project/fifo/ipcore_dir/tmp/_cg/MYPLL.v" into library work
INFO:ProjectMgmt - Parsing design hierarchy completed successfully.
Adding D:/Project/fifo/ipcore_dir/tmp/_cg/MYPLL.veo -view all -origin_type
imported
INFO:TclTasksC:2116 - The automatic calculation of top has been turned-off.
   Please set the new top explicitly by running the "project set top" command.
   To re-calculate the new top automatically, set the "Auto Implementation Top"
   property to true.
Top level has been set to "/MYPLL"
Generating README file...
Generating FLIST file...
INFO:sim:948 - Finished FLIST file generation.
Launching README viewer...
Moving files to output directory...
Finished moving files to output directory
Wrote CGP file for project 'MYPLL'.
