


ARM Macro Assembler    Page 1 


    1 00000000 40023800 
                       RCC_BASE
                               EQU              0x40023800
    2 00000000 40020000 
                       GPIOA_BASE
                               EQU              0x40020000
    3 00000000 40020400 
                       GPIOB_BASE
                               EQU              0x40020400
    4 00000000 40020800 
                       GPIOC_BASE
                               EQU              0x40020800
    5 00000000 40005400 
                       I2C1_BASE
                               EQU              0x40005400
    6 00000000         
    7 00000000         
    8 00000000         
    9 00000000 00000030 
                       RCC_AHB1_ENR_OFFSET
                               EQU              0x30
   10 00000000 00000040 
                       RCC_APB1_ENR_OFFSET
                               EQU              0x40
   11 00000000         
   12 00000000 00000020 
                       GPIO_AFRH_LR_OFFSET
                               EQU              0x20        ;0-7
   13 00000000 00000024 
                       GPIO_AFRH_HR_OFFSET
                               EQU              0x24        ;8-15
   14 00000000 00000000 
                       GPIO_MODER_OFFSET
                               EQU              0x00
   15 00000000 00000004 
                       GPIO_OTYPER_OFFSET
                               EQU              0x04
   16 00000000 00000008 
                       GPIOB_OSPEEDER_OFFSET
                               EQU              0x08
   17 00000000 00000018 
                       GPIO_BSRR_OFFSET
                               EQU              0x18
   18 00000000 00000010 
                       GPIO_IDR_OFFSET
                               EQU              0x10
   19 00000000         
   20 00000000 00000000 
                       I2C_CR1_OFFSET
                               EQU              0x00
   21 00000000 00000004 
                       I2C_CR2_OFFSET
                               EQU              0x04
   22 00000000 00000008 
                       I2C_OAR1_OFFSET
                               EQU              0x08
   23 00000000 00000010 
                       I2C_DR_OFFSET
                               EQU              0x10



ARM Macro Assembler    Page 2 


   24 00000000 00000014 
                       I2C_SR1_OFFSET
                               EQU              0x14
   25 00000000 00000018 
                       I2C_SR2_OFFSET
                               EQU              0x18
   26 00000000 0000001C 
                       I2C_CCR_OFFSET
                               EQU              0x1C
   27 00000000 00000020 
                       I2C_TRISE_OFFSET
                               EQU              0x20
   28 00000000         
   29 00000000         
   30 00000000 00000001 
                       RCC_AHB1_GPIOB_CLOCK_BIT
                               EQU              1
   31 00000000 00000015 
                       RCC_APB1_I2C1_CLOCK_BIT
                               EQU              21
   32 00000000         
   33 00000000         ;I2C_CR1
   34 00000000 00000008 
                       I2C_START
                               EQU              0x08
   35 00000000 00000009 
                       I2C_STOP
                               EQU              0x09
   36 00000000 00000003 
                       I2C_SMBTYPE
                               EQU              0x03
   37 00000000 00000000 
                       I2C_PE  EQU              0x00
   38 00000000         ;I2C_CR2
   39 00000000 00000000 
                       I2C_FREQ
                               EQU              0x00
   40 00000000 00000000 
                       I2C_CCR EQU              0x00
   41 00000000         ;I2C_CCR_GG     EQU 0x7D   ;25M
   42 00000000 00000050 
                       I2C_CCR_GG
                               EQU              0x50        ;16M
   43 00000000         ;I2C_SR1
   44 00000000 00000007 
                       I2C_SR1_TxE
                               EQU              7
   45 00000000 00000000 
                       I2C_SR1_SB
                               EQU              0
   46 00000000 0000000F 
                       I2C_SR1_SMBALERT
                               EQU              15
   47 00000000 00000001 
                       I2C_SR1_ADDR
                               EQU              1
   48 00000000         
   49 00000000         
   50 00000000                 AREA             FUNCTION,CODE,READONLY, ALIGN=8



ARM Macro Assembler    Page 3 


   51 00000000                 EXPORT           I2C_INIT
   52 00000000                 EXPORT           I2C_WRITE
   53 00000000         
   54 00000000         
   55 00000000         I2C_INIT
                               PROC
   56 00000000 B403            PUSH             {R0-R1}
   57 00000002         
   58 00000002 4831            LDR              R0, =RCC_BASE
   59 00000004 6B01            LDR              R1, [R0, #RCC_AHB1_ENR_OFFSET]
   60 00000006 F041 0102       ORR              R1, R1, #(1 << RCC_AHB1_GPIOB_C
LOCK_BIT)
   61 0000000A 6301            STR              R1, [R0, #RCC_AHB1_ENR_OFFSET]
   62 0000000C         
   63 0000000C 6C01            LDR              R1, [R0, #RCC_APB1_ENR_OFFSET]
   64 0000000E F441 1100       ORR              R1, R1, #(1 << RCC_APB1_I2C1_CL
OCK_BIT)
   65 00000012 6401            STR              R1, [R0, #RCC_APB1_ENR_OFFSET]
   66 00000014         
   67 00000014         
   68 00000014 482D            LDR              R0, =GPIOB_BASE
   69 00000016 6A41            LDR              R1, [R0, #GPIO_AFRH_HR_OFFSET]
   70 00000018 F041 0104       ORR              R1, #(4 << (0 * 4)) ;AF4 PB8
   71 0000001C F041 0140       ORR              R1, #(4 << (1 * 4)) ;AF4 PB9
   72 00000020 6241            STR              R1, [R0, #GPIO_AFRH_HR_OFFSET]
   73 00000022         
   74 00000022         
   75 00000022 6801            LDR              R1, [R0, #GPIO_MODER_OFFSET]
   76 00000024 F421 3180       BIC              R1, #(1 << (8 * 2))
   77 00000028 F441 3100       ORR              R1, #(1 << (8 * 2 + 1))
   78 0000002C F421 2180       BIC              R1, #(1 << (9 * 2))
   79 00000030 F441 2100       ORR              R1, #(1 << (9 * 2 + 1))
   80 00000034 6001            STR              R1, [R0, #GPIO_MODER_OFFSET]
   81 00000036         
   82 00000036         
   83 00000036 6841            LDR              R1, [R0, #GPIO_OTYPER_OFFSET]
   84 00000038 F441 7180       ORR              R1, #(1 << 8)
   85 0000003C F441 7100       ORR              R1, #(1 << 9)
   86 00000040 6041            STR              R1, [R0, #GPIO_OTYPER_OFFSET]
   87 00000042         
   88 00000042         
   89 00000042 6881            LDR              R1, [R0, #GPIOB_OSPEEDER_OFFSET
]
   90 00000044 F441 3100       ORR              R1, #(2 << 8 * 2)
   91 00000048 F441 2100       ORR              R1, #(2 << 9 * 2)
   92 0000004C 6081            STR              R1, [R0, #GPIOB_OSPEEDER_OFFSET
]
   93 0000004E         
   94 0000004E         
   95 0000004E 4820            LDR              R0, =I2C1_BASE
   96 00000050 6841            LDR              R1, [R0, #I2C_CR2_OFFSET]
   97 00000052 F041 0110       ORR              R1, #16
   98 00000056 6041            STR              R1, [R0, #I2C_CR2_OFFSET]
   99 00000058         
  100 00000058 6A01            LDR              R1, [R0, #I2C_TRISE_OFFSET]
  101 0000005A F041 0111       ORR              R1, #17
  102 0000005E 6201            STR              R1, [R0, #I2C_TRISE_OFFSET]
  103 00000060         
  104 00000060 69C1            LDR              R1, [R0, #I2C_CCR_OFFSET]



ARM Macro Assembler    Page 4 


  105 00000062 F04F 0150       MOV              R1, #I2C_CCR_GG
  106 00000066 61C1            STR              R1, [R0, #I2C_CCR_OFFSET]
  107 00000068         
  108 00000068 6801            LDR              R1, [R0, #I2C_CR1_OFFSET]
  109 0000006A F041 0101       ORR              R1, #(1 << I2C_PE)
  110 0000006E 6001            STR              R1, [R0, #I2C_CR1_OFFSET]
  111 00000070         
  112 00000070 BC03            POP              {R0-R1}
  113 00000072 4770            BX               LR
  114 00000074                 ENDP
  115 00000074         
  116 00000074         
  117 00000074         
  118 00000074         I2C_WRITE
                               PROC
  119 00000074 B470            PUSH             {R4-R6}
  120 00000076         
  121 00000076 4C16            LDR              R4, =I2C1_BASE
  122 00000078 6826            LDR              R6, [R4, #I2C_CR1_OFFSET]
  123 0000007A F446 7680       ORR              R6, #(1 << I2C_START)
  124 0000007E 6026            STR              R6, [R4, #I2C_CR1_OFFSET]
  125 00000080         
  126 00000080         WAIT_SB
  127 00000080 6966            LDR              R6, [R4, #I2C_SR1_OFFSET]
  128 00000082 F006 0601       AND              R6, #(1 << I2C_SR1_SB)
  129 00000086 2E01            CMP              R6, #(1 << I2C_SR1_SB)
  130 00000088 D1FA            BNE              WAIT_SB
  131 0000008A         
  132 0000008A 6966            LDR              R6, [R4, #I2C_SR1_OFFSET]
  133 0000008C 69A6            LDR              R6, [R4, #I2C_SR2_OFFSET]
  134 0000008E         
  135 0000008E         ;address
  136 0000008E         ;LDR R3, [R4, #I2C_DR_OFFSET]
  137 0000008E         ;MOV R3, #ADDRESS_SLAVE
  138 0000008E 6120            STR              R0, [R4, #I2C_DR_OFFSET]
  139 00000090         WAIT_ADDR
  140 00000090 6966            LDR              R6, [R4, #I2C_SR1_OFFSET]
  141 00000092 F006 0602       AND              R6, #(1 << I2C_SR1_ADDR)
  142 00000096 2E02            CMP              R6, #(1 << I2C_SR1_ADDR)
  143 00000098 D1FA            BNE              WAIT_ADDR
  144 0000009A         
  145 0000009A         ;necessarily
  146 0000009A 6966            LDR              R6, [R4, #I2C_SR1_OFFSET]
  147 0000009C 69A6            LDR              R6, [R4, #I2C_SR2_OFFSET]
  148 0000009E         
  149 0000009E         ;write
  150 0000009E         ;LDR R3, [R4, #I2C_DR_OFFSET]
  151 0000009E         WAIT_TxE
  152 0000009E 6966            LDR              R6, [R4, #I2C_SR1_OFFSET]
  153 000000A0 F006 0680       AND              R6, #(1 << I2C_SR1_TxE)
  154 000000A4 2E80            CMP              R6, #(1 << I2C_SR1_TxE)
  155 000000A6 D1FA            BNE              WAIT_TxE
  156 000000A8         
  157 000000A8 F851 5B01       LDR              R5, [R1], #1
  158 000000AC 6125            STR              R5, [R4, #I2C_DR_OFFSET]
  159 000000AE         
  160 000000AE 3A01            SUBS             R2, #1
  161 000000B0 D1F5            BNE              WAIT_TxE
  162 000000B2         



ARM Macro Assembler    Page 5 


  163 000000B2         END_WAIT_TxE
  164 000000B2 6966            LDR              R6, [R4, #I2C_SR1_OFFSET]
  165 000000B4 F006 0680       AND              R6, #(1 << I2C_SR1_TxE)
  166 000000B8 2E80            CMP              R6, #(1 << I2C_SR1_TxE)
  167 000000BA D1FA            BNE              END_WAIT_TxE
  168 000000BC         
  169 000000BC         
  170 000000BC         ;stop
  171 000000BC         STOP_
  172 000000BC 6826            LDR              R6, [R4, #I2C_CR1_OFFSET]
  173 000000BE F446 7600       ORR              R6, R6, #(1 << I2C_STOP)
  174 000000C2 6026            STR              R6, [R4, #I2C_CR1_OFFSET]
  175 000000C4         
  176 000000C4         
  177 000000C4 BC70            POP              {R4-R6}
  178 000000C6 4770            BX               LR
  179 000000C8                 ENDP
  180 000000C8         
  181 000000C8                 ALIGN
  182 000000C8         
  183 000000C8                 END
              40023800 
              40020400 
              40005400 
Command Line: --debug --xref --diag_suppress=9931 --cpu=Cortex-M4.fp.sp --apcs=
interwork --depend=.\objects\i2c.d -o.\objects\i2c.o -I.\RTE\_rgr -IC:\Users\do
n\AppData\Local\Arm\Packs\ARM\CMSIS\5.7.0\CMSIS\Core\Include -IC:\Users\don\App
Data\Local\Arm\Packs\Keil\STM32F4xx_DFP\2.15.0\Drivers\CMSIS\Device\ST\STM32F4x
x\Include --predefine="__EVAL SETA 1" --predefine="__UVISION_VERSION SETA 533" 
--predefine="_RTE_ SETA 1" --predefine="STM32F401xE SETA 1" --predefine="_RTE_ 
SETA 1" --list=.\listings\i2c.lst I2C.s



ARM Macro Assembler    Page 1 Alphabetic symbol ordering
Relocatable symbols

END_WAIT_TxE 000000B2

Symbol: END_WAIT_TxE
   Definitions
      At line 163 in file I2C.s
   Uses
      At line 167 in file I2C.s
Comment: END_WAIT_TxE used once
FUNCTION 00000000

Symbol: FUNCTION
   Definitions
      At line 50 in file I2C.s
   Uses
      None
Comment: FUNCTION unused
I2C_INIT 00000000

Symbol: I2C_INIT
   Definitions
      At line 55 in file I2C.s
   Uses
      At line 51 in file I2C.s
Comment: I2C_INIT used once
I2C_WRITE 00000074

Symbol: I2C_WRITE
   Definitions
      At line 118 in file I2C.s
   Uses
      At line 52 in file I2C.s
Comment: I2C_WRITE used once
STOP_ 000000BC

Symbol: STOP_
   Definitions
      At line 171 in file I2C.s
   Uses
      None
Comment: STOP_ unused
WAIT_ADDR 00000090

Symbol: WAIT_ADDR
   Definitions
      At line 139 in file I2C.s
   Uses
      At line 143 in file I2C.s
Comment: WAIT_ADDR used once
WAIT_SB 00000080

Symbol: WAIT_SB
   Definitions
      At line 126 in file I2C.s
   Uses
      At line 130 in file I2C.s
Comment: WAIT_SB used once
WAIT_TxE 0000009E

Symbol: WAIT_TxE



ARM Macro Assembler    Page 2 Alphabetic symbol ordering
Relocatable symbols

   Definitions
      At line 151 in file I2C.s
   Uses
      At line 155 in file I2C.s
      At line 161 in file I2C.s

8 symbols



ARM Macro Assembler    Page 1 Alphabetic symbol ordering
Absolute symbols

GPIOA_BASE 40020000

Symbol: GPIOA_BASE
   Definitions
      At line 2 in file I2C.s
   Uses
      None
Comment: GPIOA_BASE unused
GPIOB_BASE 40020400

Symbol: GPIOB_BASE
   Definitions
      At line 3 in file I2C.s
   Uses
      At line 68 in file I2C.s
Comment: GPIOB_BASE used once
GPIOB_OSPEEDER_OFFSET 00000008

Symbol: GPIOB_OSPEEDER_OFFSET
   Definitions
      At line 16 in file I2C.s
   Uses
      At line 89 in file I2C.s
      At line 92 in file I2C.s

GPIOC_BASE 40020800

Symbol: GPIOC_BASE
   Definitions
      At line 4 in file I2C.s
   Uses
      None
Comment: GPIOC_BASE unused
GPIO_AFRH_HR_OFFSET 00000024

Symbol: GPIO_AFRH_HR_OFFSET
   Definitions
      At line 13 in file I2C.s
   Uses
      At line 69 in file I2C.s
      At line 72 in file I2C.s

GPIO_AFRH_LR_OFFSET 00000020

Symbol: GPIO_AFRH_LR_OFFSET
   Definitions
      At line 12 in file I2C.s
   Uses
      None
Comment: GPIO_AFRH_LR_OFFSET unused
GPIO_BSRR_OFFSET 00000018

Symbol: GPIO_BSRR_OFFSET
   Definitions
      At line 17 in file I2C.s
   Uses
      None
Comment: GPIO_BSRR_OFFSET unused
GPIO_IDR_OFFSET 00000010



ARM Macro Assembler    Page 2 Alphabetic symbol ordering
Absolute symbols


Symbol: GPIO_IDR_OFFSET
   Definitions
      At line 18 in file I2C.s
   Uses
      None
Comment: GPIO_IDR_OFFSET unused
GPIO_MODER_OFFSET 00000000

Symbol: GPIO_MODER_OFFSET
   Definitions
      At line 14 in file I2C.s
   Uses
      At line 75 in file I2C.s
      At line 80 in file I2C.s

GPIO_OTYPER_OFFSET 00000004

Symbol: GPIO_OTYPER_OFFSET
   Definitions
      At line 15 in file I2C.s
   Uses
      At line 83 in file I2C.s
      At line 86 in file I2C.s

I2C1_BASE 40005400

Symbol: I2C1_BASE
   Definitions
      At line 5 in file I2C.s
   Uses
      At line 95 in file I2C.s
      At line 121 in file I2C.s

I2C_CCR 00000000

Symbol: I2C_CCR
   Definitions
      At line 40 in file I2C.s
   Uses
      None
Comment: I2C_CCR unused
I2C_CCR_GG 00000050

Symbol: I2C_CCR_GG
   Definitions
      At line 42 in file I2C.s
   Uses
      At line 105 in file I2C.s
Comment: I2C_CCR_GG used once
I2C_CCR_OFFSET 0000001C

Symbol: I2C_CCR_OFFSET
   Definitions
      At line 26 in file I2C.s
   Uses
      At line 104 in file I2C.s
      At line 106 in file I2C.s




ARM Macro Assembler    Page 3 Alphabetic symbol ordering
Absolute symbols

I2C_CR1_OFFSET 00000000

Symbol: I2C_CR1_OFFSET
   Definitions
      At line 20 in file I2C.s
   Uses
      At line 108 in file I2C.s
      At line 110 in file I2C.s
      At line 122 in file I2C.s
      At line 124 in file I2C.s
      At line 172 in file I2C.s
      At line 174 in file I2C.s

I2C_CR2_OFFSET 00000004

Symbol: I2C_CR2_OFFSET
   Definitions
      At line 21 in file I2C.s
   Uses
      At line 96 in file I2C.s
      At line 98 in file I2C.s

I2C_DR_OFFSET 00000010

Symbol: I2C_DR_OFFSET
   Definitions
      At line 23 in file I2C.s
   Uses
      At line 138 in file I2C.s
      At line 158 in file I2C.s

I2C_FREQ 00000000

Symbol: I2C_FREQ
   Definitions
      At line 39 in file I2C.s
   Uses
      None
Comment: I2C_FREQ unused
I2C_OAR1_OFFSET 00000008

Symbol: I2C_OAR1_OFFSET
   Definitions
      At line 22 in file I2C.s
   Uses
      None
Comment: I2C_OAR1_OFFSET unused
I2C_PE 00000000

Symbol: I2C_PE
   Definitions
      At line 37 in file I2C.s
   Uses
      At line 109 in file I2C.s
Comment: I2C_PE used once
I2C_SMBTYPE 00000003

Symbol: I2C_SMBTYPE
   Definitions



ARM Macro Assembler    Page 4 Alphabetic symbol ordering
Absolute symbols

      At line 36 in file I2C.s
   Uses
      None
Comment: I2C_SMBTYPE unused
I2C_SR1_ADDR 00000001

Symbol: I2C_SR1_ADDR
   Definitions
      At line 47 in file I2C.s
   Uses
      At line 141 in file I2C.s
      At line 142 in file I2C.s

I2C_SR1_OFFSET 00000014

Symbol: I2C_SR1_OFFSET
   Definitions
      At line 24 in file I2C.s
   Uses
      At line 127 in file I2C.s
      At line 132 in file I2C.s
      At line 140 in file I2C.s
      At line 146 in file I2C.s
      At line 152 in file I2C.s
      At line 164 in file I2C.s

I2C_SR1_SB 00000000

Symbol: I2C_SR1_SB
   Definitions
      At line 45 in file I2C.s
   Uses
      At line 128 in file I2C.s
      At line 129 in file I2C.s

I2C_SR1_SMBALERT 0000000F

Symbol: I2C_SR1_SMBALERT
   Definitions
      At line 46 in file I2C.s
   Uses
      None
Comment: I2C_SR1_SMBALERT unused
I2C_SR1_TxE 00000007

Symbol: I2C_SR1_TxE
   Definitions
      At line 44 in file I2C.s
   Uses
      At line 153 in file I2C.s
      At line 154 in file I2C.s
      At line 165 in file I2C.s
      At line 166 in file I2C.s

I2C_SR2_OFFSET 00000018

Symbol: I2C_SR2_OFFSET
   Definitions
      At line 25 in file I2C.s



ARM Macro Assembler    Page 5 Alphabetic symbol ordering
Absolute symbols

   Uses
      At line 133 in file I2C.s
      At line 147 in file I2C.s

I2C_START 00000008

Symbol: I2C_START
   Definitions
      At line 34 in file I2C.s
   Uses
      At line 123 in file I2C.s
Comment: I2C_START used once
I2C_STOP 00000009

Symbol: I2C_STOP
   Definitions
      At line 35 in file I2C.s
   Uses
      At line 173 in file I2C.s
Comment: I2C_STOP used once
I2C_TRISE_OFFSET 00000020

Symbol: I2C_TRISE_OFFSET
   Definitions
      At line 27 in file I2C.s
   Uses
      At line 100 in file I2C.s
      At line 102 in file I2C.s

RCC_AHB1_ENR_OFFSET 00000030

Symbol: RCC_AHB1_ENR_OFFSET
   Definitions
      At line 9 in file I2C.s
   Uses
      At line 59 in file I2C.s
      At line 61 in file I2C.s

RCC_AHB1_GPIOB_CLOCK_BIT 00000001

Symbol: RCC_AHB1_GPIOB_CLOCK_BIT
   Definitions
      At line 30 in file I2C.s
   Uses
      At line 60 in file I2C.s
Comment: RCC_AHB1_GPIOB_CLOCK_BIT used once
RCC_APB1_ENR_OFFSET 00000040

Symbol: RCC_APB1_ENR_OFFSET
   Definitions
      At line 10 in file I2C.s
   Uses
      At line 63 in file I2C.s
      At line 65 in file I2C.s

RCC_APB1_I2C1_CLOCK_BIT 00000015

Symbol: RCC_APB1_I2C1_CLOCK_BIT
   Definitions



ARM Macro Assembler    Page 6 Alphabetic symbol ordering
Absolute symbols

      At line 31 in file I2C.s
   Uses
      At line 64 in file I2C.s
Comment: RCC_APB1_I2C1_CLOCK_BIT used once
RCC_BASE 40023800

Symbol: RCC_BASE
   Definitions
      At line 1 in file I2C.s
   Uses
      At line 58 in file I2C.s
Comment: RCC_BASE used once
35 symbols
380 symbols in table
