Release 14.7 - xst P.20131013 (nt64)
Copyright (c) 1995-2013 Xilinx, Inc.  All rights reserved.
--> Parameter TMPDIR set to xst/projnav.tmp


Total REAL time to Xst completion: 0.00 secs
Total CPU time to Xst completion: 0.07 secs
 
--> Parameter xsthdpdir set to xst


Total REAL time to Xst completion: 0.00 secs
Total CPU time to Xst completion: 0.07 secs
 
--> Reading design: fifo.prj

TABLE OF CONTENTS
  1) Synthesis Options Summary
  2) HDL Parsing
  3) HDL Elaboration
  4) HDL Synthesis
       4.1) HDL Synthesis Report
  5) Advanced HDL Synthesis
       5.1) Advanced HDL Synthesis Report
  6) Low Level Synthesis
  7) Partition Report
  8) Design Summary
       8.1) Primitive and Black Box Usage
       8.2) Device utilization summary
       8.3) Partition Resource Summary
       8.4) Timing Report
            8.4.1) Clock Information
            8.4.2) Asynchronous Control Signals Information
            8.4.3) Timing Summary
            8.4.4) Timing Details
            8.4.5) Cross Clock Domains Report


=========================================================================
*                      Synthesis Options Summary                        *
=========================================================================
---- Source Parameters
Input File Name                    : "fifo.prj"
Ignore Synthesis Constraint File   : NO

---- Target Parameters
Output File Name                   : "fifo"
Output Format                      : NGC
Target Device                      : xc6slx9-3-tqg144

---- Source Options
Top Module Name                    : fifo
Automatic FSM Extraction           : YES
FSM Encoding Algorithm             : Auto
Safe Implementation                : No
FSM Style                          : LUT
RAM Extraction                     : Yes
RAM Style                          : Auto
ROM Extraction                     : Yes
Shift Register Extraction          : YES
ROM Style                          : Auto
Resource Sharing                   : YES
Asynchronous To Synchronous        : NO
Shift Register Minimum Size        : 2
Use DSP Block                      : Auto
Automatic Register Balancing       : No

---- Target Options
LUT Combining                      : Auto
Reduce Control Sets                : Auto
Add IO Buffers                     : YES
Global Maximum Fanout              : 100000
Add Generic Clock Buffer(BUFG)     : 16
Register Duplication               : YES
Optimize Instantiated Primitives   : NO
Use Clock Enable                   : Auto
Use Synchronous Set                : Auto
Use Synchronous Reset              : Auto
Pack IO Registers into IOBs        : Auto
Equivalent register Removal        : YES

---- General Options
Optimization Goal                  : Speed
Optimization Effort                : 1
Power Reduction                    : NO
Keep Hierarchy                     : No
Netlist Hierarchy                  : As_Optimized
RTL Output                         : Yes
Global Optimization                : AllClockNets
Read Cores                         : YES
Write Timing Constraints           : NO
Cross Clock Analysis               : NO
Hierarchy Separator                : /
Bus Delimiter                      : <>
Case Specifier                     : Maintain
Slice Utilization Ratio            : 100
BRAM Utilization Ratio             : 100
DSP48 Utilization Ratio            : 100
Auto BRAM Packing                  : NO
Slice Utilization Ratio Delta      : 5

=========================================================================


=========================================================================
*                          HDL Parsing                                  *
=========================================================================
Analyzing Verilog file "D:\Project\fifo\counter.v" into library work
Parsing module <counter>.
Analyzing Verilog file "D:\Project\fifo\fifo.v" into library work
Parsing module <fifo>.

=========================================================================
*                            HDL Elaboration                            *
=========================================================================

Elaborating module <fifo>.

Elaborating module <FDP>.

Elaborating module <FDC>.

Elaborating module <counter(WIDTH=3)>.

=========================================================================
*                           HDL Synthesis                               *
=========================================================================

Synthesizing Unit <fifo>.
    Related source file is "D:\Project\fifo\fifo.v".
        WIDTH = 8
        BUF_WIDTH = 3
    Found 8x8-bit dual-port RAM <Mram_ram> for signal <ram>.
    Found 3-bit comparator equal for signal <head_addr[2]_end_addr[2]_equal_4_o> created at line 70
    Summary:
	inferred   1 RAM(s).
	inferred   1 Comparator(s).
Unit <fifo> synthesized.

Synthesizing Unit <counter>.
    Related source file is "D:\Project\fifo\counter.v".
        WIDTH = 3
    Found 3-bit register for signal <count>.
    Found 3-bit adder for signal <count[2]_GND_4_o_add_1_OUT> created at line 40.
    Summary:
	inferred   1 Adder/Subtractor(s).
	inferred   3 D-type flip-flop(s).
Unit <counter> synthesized.

=========================================================================
HDL Synthesis Report

Macro Statistics
# RAMs                                                 : 1
 8x8-bit dual-port RAM                                 : 1
# Adders/Subtractors                                   : 2
 3-bit adder                                           : 2
# Registers                                            : 2
 3-bit register                                        : 2
# Comparators                                          : 1
 3-bit comparator equal                                : 1

=========================================================================

=========================================================================
*                       Advanced HDL Synthesis                          *
=========================================================================


Synthesizing (advanced) Unit <counter>.
The following registers are absorbed into counter <count>: 1 register on signal <count>.
Unit <counter> synthesized (advanced).

Synthesizing (advanced) Unit <fifo>.
INFO:Xst:3218 - HDL ADVISOR - The RAM <Mram_ram> will be implemented on LUTs either because you have described an asynchronous read or because of currently unsupported block RAM features. If you have described an asynchronous read, making it synchronous would allow you to take advantage of available block RAM resources, for optimized device usage and improved timings. Please refer to your documentation for coding guidelines.
    -----------------------------------------------------------------------
    | ram_type           | Distributed                         |          |
    -----------------------------------------------------------------------
    | Port A                                                              |
    |     aspect ratio   | 8-word x 8-bit                      |          |
    |     clkA           | connected to signal <i_clk>         | rise     |
    |     weA            | connected to signal <enable_write>  | high     |
    |     addrA          | connected to signal <end_addr>      |          |
    |     diA            | connected to signal <i_fifo>        |          |
    -----------------------------------------------------------------------
    | Port B                                                              |
    |     aspect ratio   | 8-word x 8-bit                      |          |
    |     addrB          | connected to signal <head_addr>     |          |
    |     doB            | connected to signal <o_fifo>        |          |
    -----------------------------------------------------------------------
Unit <fifo> synthesized (advanced).

=========================================================================
Advanced HDL Synthesis Report

Macro Statistics
# RAMs                                                 : 1
 8x8-bit dual-port distributed RAM                     : 1
# Counters                                             : 2
 3-bit up counter                                      : 2
# Registers                                            : 2
 Flip-Flops                                            : 2
# Comparators                                          : 1
 3-bit comparator equal                                : 1

=========================================================================

=========================================================================
*                         Low Level Synthesis                           *
=========================================================================

Optimizing unit <fifo> ...

Mapping all equations...
Building and optimizing final netlist ...
Found area constraint ratio of 100 (+ 5) on block fifo, actual ratio is 0.

Final Macro Processing ...

=========================================================================
Final Register Report

Macro Statistics
# Registers                                            : 8
 Flip-Flops                                            : 8

=========================================================================

=========================================================================
*                           Partition Report                            *
=========================================================================

Partition Implementation Status
-------------------------------

  No Partitions were found in this design.

-------------------------------

=========================================================================
*                            Design Summary                             *
=========================================================================

Top Level Output File Name         : fifo.ngc

Primitive and Black Box Usage:
------------------------------
# BELS                             : 20
#      GND                         : 1
#      INV                         : 1
#      LUT2                        : 3
#      LUT3                        : 2
#      LUT4                        : 2
#      LUT6                        : 11
# FlipFlops/Latches                : 8
#      FDC                         : 7
#      FDP                         : 1
# RAMS                             : 3
#      RAM16X1D                    : 2
#      RAM32M                      : 1
# Clock Buffers                    : 1
#      BUFGP                       : 1
# IO Buffers                       : 21
#      IBUF                        : 11
#      OBUF                        : 10

Device utilization summary:
---------------------------

Selected Device : 6slx9tqg144-3 


Slice Logic Utilization: 
 Number of Slice Registers:               8  out of  11440     0%  
 Number of Slice LUTs:                   27  out of   5720     0%  
    Number used as Logic:                19  out of   5720     0%  
    Number used as Memory:                8  out of   1440     0%  
       Number used as RAM:                8

Slice Logic Distribution: 
 Number of LUT Flip Flop pairs used:     27
   Number with an unused Flip Flop:      19  out of     27    70%  
   Number with an unused LUT:             0  out of     27     0%  
   Number of fully used LUT-FF pairs:     8  out of     27    29%  
   Number of unique control sets:         1

IO Utilization: 
 Number of IOs:                          22
 Number of bonded IOBs:                  22  out of    102    21%  

Specific Feature Utilization:
 Number of BUFG/BUFGCTRLs:                1  out of     16     6%  

---------------------------
Partition Resource Summary:
---------------------------

  No Partitions were found in this design.

---------------------------


=========================================================================
Timing Report

NOTE: THESE TIMING NUMBERS ARE ONLY A SYNTHESIS ESTIMATE.
      FOR ACCURATE TIMING INFORMATION PLEASE REFER TO THE TRACE REPORT
      GENERATED AFTER PLACE-and-ROUTE.

Clock Information:
------------------
-----------------------------------+------------------------+-------+
Clock Signal                       | Clock buffer(FF name)  | Load  |
-----------------------------------+------------------------+-------+
i_clk                              | BUFGP                  | 11    |
-----------------------------------+------------------------+-------+

Asynchronous Control Signals Information:
----------------------------------------
No asynchronous control signals found in this design

Timing Summary:
---------------
Speed Grade: -3

   Minimum period: 3.600ns (Maximum Frequency: 277.782MHz)
   Minimum input arrival time before clock: 3.458ns
   Maximum output required time after clock: 6.075ns
   Maximum combinational path delay: No path found

Timing Details:
---------------
All values displayed in nanoseconds (ns)

=========================================================================
Timing constraint: Default period analysis for Clock 'i_clk'
  Clock period: 3.600ns (frequency: 277.782MHz)
  Total number of paths / destination ports: 94 / 26
-------------------------------------------------------------------------
Delay:               3.600ns (Levels of Logic = 2)
  Source:            counter_head/count_1 (FF)
  Destination:       Mram_ram1 (RAM)
  Source Clock:      i_clk rising
  Destination Clock: i_clk rising

  Data Path: counter_head/count_1 to Mram_ram1
                                Gate     Net
    Cell:in->out      fanout   Delay   Delay  Logical Name (Net Name)
    ----------------------------------------  ------------
     FDC:C->Q             16   0.447   1.109  counter_head/count_1 (counter_head/count_1)
     LUT2:I0->O            1   0.203   0.684  o_overflow1_SW0 (N4)
     LUT6:I4->O            3   0.203   0.650  enable_write1 (enable_write)
     RAM32M:WE                 0.304          Mram_ram1
    ----------------------------------------
    Total                      3.600ns (1.157ns logic, 2.443ns route)
                                       (32.1% logic, 67.9% route)

=========================================================================
Timing constraint: Default OFFSET IN BEFORE for Clock 'i_clk'
  Total number of paths / destination ports: 27 / 27
-------------------------------------------------------------------------
Offset:              3.458ns (Levels of Logic = 2)
  Source:            i_we (PAD)
  Destination:       Mram_ram1 (RAM)
  Destination Clock: i_clk rising

  Data Path: i_we to Mram_ram1
                                Gate     Net
    Cell:in->out      fanout   Delay   Delay  Logical Name (Net Name)
    ----------------------------------------  ------------
     IBUF:I->O             5   1.222   1.079  i_we_IBUF (i_we_IBUF)
     LUT6:I0->O            3   0.203   0.650  enable_write1 (enable_write)
     RAM32M:WE                 0.304          Mram_ram1
    ----------------------------------------
    Total                      3.458ns (1.729ns logic, 1.729ns route)
                                       (50.0% logic, 50.0% route)

=========================================================================
Timing constraint: Default OFFSET OUT AFTER for Clock 'i_clk'
  Total number of paths / destination ports: 28 / 10
-------------------------------------------------------------------------
Offset:              6.075ns (Levels of Logic = 3)
  Source:            counter_head/count_0 (FF)
  Destination:       o_overflow (PAD)
  Source Clock:      i_clk rising

  Data Path: counter_head/count_0 to o_overflow
                                Gate     Net
    Cell:in->out      fanout   Delay   Delay  Logical Name (Net Name)
    ----------------------------------------  ------------
     FDC:C->Q             12   0.447   1.013  counter_head/count_0 (counter_head/count_0)
     LUT2:I0->O            5   0.203   1.059  head_addr[2]_end_addr[2]_equal_4_o321 (head_addr[2]_end_addr[2]_equal_4_o32)
     LUT6:I1->O            1   0.203   0.579  o_empty1 (o_empty_OBUF)
     OBUF:I->O                 2.571          o_empty_OBUF (o_empty)
    ----------------------------------------
    Total                      6.075ns (3.424ns logic, 2.651ns route)
                                       (56.4% logic, 43.6% route)

=========================================================================

Cross Clock Domains Report:
--------------------------

Clock to Setup on destination clock i_clk
---------------+---------+---------+---------+---------+
               | Src:Rise| Src:Fall| Src:Rise| Src:Fall|
Source Clock   |Dest:Rise|Dest:Rise|Dest:Fall|Dest:Fall|
---------------+---------+---------+---------+---------+
i_clk          |    3.600|         |         |         |
---------------+---------+---------+---------+---------+

=========================================================================


Total REAL time to Xst completion: 3.00 secs
Total CPU time to Xst completion: 3.32 secs
 
--> 

Total memory usage is 4499832 kilobytes

Number of errors   :    0 (   0 filtered)
Number of warnings :    0 (   0 filtered)
Number of infos    :    1 (   0 filtered)

